<b>Домашнее задание 09: Работа с индексами</b>

Цель:
<br>знать и уметь применять основные виды индексов PostgreSQL
<br>строить и анализировать план выполнения запроса
<br>уметь оптимизировать запросы для с использованием индексов

<br>Необходимо:
<br>Создать индекс к какой-либо из таблиц вашей БД
<br>Прислать текстом результат команды explain,в которой используется данный индекс
<br>Реализовать индекс для полнотекстового поиска
<br>Реализовать индекс на часть таблицы или индекс на поле с функцией
<br>Создать индекс на несколько полей
<br>Написать комментарии к каждому из индексов
<br>Описать что и как делали и с какими проблемами столкнулись


# Выполнение
<br>Подключились к ВМ с Postgresql, созданной в VirtualBox:
<br>ssh -p 3022 yuriy@127.0.0.1

<br>Создана БД test_index. В ней создана таблица tasks и заполнена тестовыми значениями.

<br><b>ЗАДАНИЕ 1: Создать индекс к какой-либо из таблиц вашей БД</b>

<br>Создаём запрос на выборку из таблицы tasks по конкретному номеру (num): 
<br>EXPLAIN
<br>SELECT * FROM tasks where num = 5
<br>Результат запроса без индекса:
<br>Gather  (cost=1000.00..13561.43 rows=1 width=28)
<br>  Workers Planned: 2
<br>  ->  Parallel Seq Scan on tasks  (cost=0.00..12561.33 rows=1 width=28)
<br>        Filter: (num = 5)
<br>![01_без индекса](https://github.com/user-attachments/assets/764ce622-34b0-4984-a251-bb3015e9d396)

<br>Создаём index:
<br><b>create index idx_tasks_num on tasks(num)</b>
<br>Результат запроса с индексом:
<br><b>Index Scan using idx_tasks_num on tasks  (cost=0.42..8.44 rows=1 width=28)</b>
<br>  Index Cond: (num = 5)
<br>![01_1_с_индексом](https://github.com/user-attachments/assets/f3f298f6-47bb-4a57-80ca-d4979f3c7c51)
<br><b>РЕЗУЛЬТАТ: Поиск по конкретному значению в поле num без индекса выполнял перебор всех строк таблицы в поисках интересующего значения.
<br>После создания индекса, поиск ускорился, из-за использования созданнового индекса.</b>



<br><b>ЗАДАНИЕ 2: Реализовать индекс для полнотекстового поиска</b>
<br>Выполняем запрос по вхождению строки 'n5' в поле name:
<br>EXPLAIN
<br>SELECT * FROM tasks where to_tsvector('english', name) @@ 'n5'

<br>План без индекса:
<br>Gather  (cost=1000.00..118228.00 rows=5000 width=28)
<br>  Workers Planned: 2
<br>  ->  Parallel Seq Scan on tasks  (cost=0.00..116728.00 rows=2083 width=28)
<br>        Filter: (to_tsvector('english'::regconfig, (name)::text) @@ '''n5'''::tsquery)
<br>JIT:
<br>  Functions: 2
<br>  Options: Inlining false, Optimization false, Expressions true, Deforming true
<br>![2_Без_текстового_индекса](https://github.com/user-attachments/assets/eacb5cbb-9676-4220-9513-b959d3938c44)

<br>Создаём GIN индекс для полнотекстового поиска по полю name:
<br><b>CREATE INDEX idx_tasks_name ON tasks USING GIN (to_tsvector('english', name));</b>

<br>План с учётом индекса:
<br>Bitmap Heap Scan on tasks  (cost=47.47..8311.67 rows=5000 width=28)
<br>  Recheck Cond: (to_tsvector('english'::regconfig, (name)::text) @@ '''n5'''::tsquery)
<br>  ->  <b>Bitmap Index Scan on idx_tasks_name  (cost=0.00..46.22 rows=5000 width=0)</b>
<br>        Index Cond: (to_tsvector('english'::regconfig, (name)::text) @@ '''n5'''::tsquery)
![2_1_С_текстовым_индексом](https://github.com/user-attachments/assets/52ee0256-4e65-4aab-af5b-3095f903f0a8)

<br><b>РЕЗУЛЬТАТ: Созданный GIN индекс с функцией to_tsvector позволил ускорить процесс полнотекстового поиска по вхождению конкретного значения ('n5') в поле name.
<br>Функция to_tsvector разбило текстовое поле name на несколько слов и отсортировало в алфавитном порядке.</b>


<br><b>ЗАДАНИЕ 3: Реализовать индекс на часть таблицы или индекс на поле с функцией</b>
<br>Выполним запрос по определённому диапозону значений в поле qnt:
<br>EXPLAIN
<br>select * from tasks where qnt > 2000 and qnt < 10000

<br>План без индекса:
<br>Gather  (cost=1000.00..18720.70 rows=41177 width=28)
<br>  Workers Planned: 2
<br>  ->  Parallel Seq Scan on tasks  (cost=0.00..13603.00 rows=17157 width=28)
<br>        Filter: ((qnt > 2000) AND (qnt < 10000))
<br>![3_без](https://github.com/user-attachments/assets/ab8c3950-3da7-449f-be65-6d57a83fcbce)


<br>Создаём индекс на часть таблицы:
<br><b>CREATE INDEX idx_tasks_part ON tasks (qnt) WHERE qnt between 1000 and 999999</b>

<br>План с индексом:
<br>Bitmap Heap Scan on tasks  (cost=766.86..8732.21 rows=40823 width=28)
<br>  Recheck Cond: ((qnt > 2000) AND (qnt < 10000))
<br>  ->  <b>Bitmap Index Scan on idx_tasks_part  (cost=0.00..756.65 rows=40823 width=0)</b>
<br>        Index Cond: ((qnt > 2000) AND (qnt < 10000))
<br>![3_с](https://github.com/user-attachments/assets/27e253ee-f67a-426a-b0cd-24438ee3eb94)

<br><b>РЕЗУЛЬТАТ: Созданный индекс на конкртеную часть данных (qnt between 1000 and 999999) позволяет быстро получить данные, входящие в этот диапозон.</b>



<br><b>ЗАДАНИЕ 4: Создать индекс на несколько полей</b>
<br>Удаляем индекс idx_tasks_num, чтобы планировщик им не пользовался:
<br>drop index idx_tasks_num

<br>Делаем запрос по определённым полям (num и name):
<br>EXPLAIN
<br>select * from tasks where num = 222576 and  name like '%_n888%'

<br>План без индекса:
<br>Gather  (cost=1000.00..14603.10 rows=1 width=28)
<br>  Workers Planned: 2
<br>  ->  Parallel Seq Scan on tasks  (cost=0.00..13603.00 rows=1 width=28)
<br>        Filter: (((name)::text ~~ '%_n888%'::text) AND (num = 222576))
<br>![4_без](https://github.com/user-attachments/assets/9db2355f-429d-44ae-9d13-24e187ea037f)

<br>Создаём индекс на два поля:
<br><b>CREATE INDEX idx_tasks ON tasks (num, name)</b>

<br>План с индексом:
<br><b>Index Scan using idx_tasks on tasks  (cost=0.42..8.45 rows=1 width=28)</b>
<br>  Index Cond: (num = 222576)
<br>  Filter: ((name)::text ~~ '%_n888%'::text)
<br>![4_с](https://github.com/user-attachments/assets/bdcdcf55-2f2c-4b0f-831d-34d0f0b43b1d)

<br><b>РЕЗУЛЬТАТ:Созданный составной индекс позволяет быстро выполнять запросы, в условии которых будут участвовать поля, на которые создан индекс (num, name).
<br>А так же этот индекс будет использоваться, если в запросе будет только поле num.
