<b>Домашнее задание 10: Секционирование таблицы</b>

<br>Цель:
<br>научиться выполнять секционирование таблиц в PostgreSQL;
<br>повысить производительность запросов и упростив управление данными;


<br>Описание/Пошаговая инструкция выполнения домашнего задания:
<br>Описание задания:
<br>На основе готовой базы данных примените один из методов секционирования в зависимости от структуры данных. https://postgrespro.ru/education/demodb

<br>Шаги выполнения домашнего задания:
<br>Анализ структуры данных:
<br>1) Ознакомьтесь с таблицами базы данных, особенно с таблицами bookings, tickets, ticket_flights, flights, boarding_passes, seats, airports, aircrafts.
<br>2) Определите, какие данные в таблице bookings или других таблицах имеют логическую привязку к диапазонам, по которым можно провести секционирование (например, дата бронирования, рейсы).

<br>Выбор таблицы для секционирования:
<br>Основной акцент делается на секционировании таблицы bookings. Но вы можете выбрать и другие таблицы, если видите в этом смысл для оптимизации производительности (например, flights, boarding_passes).
<br>Обоснуйте свой выбор: почему именно эта таблица требует секционирования? Какой тип данных является ключевым для секционирования?

<br>Определение типа секционирования:
<br>Определитесь с типом секционирования, которое наилучшим образом подходит для ваших данных:
<br>1) По диапазону (например, по дате бронирования или дате рейса).
<br>2) По списку (например, по пунктам отправления или по номерам рейсов).
<br>2) По хэшированию (для равномерного распределения данных).

<br>Создание секционированной таблицы:
<br>Преобразуйте таблицу в секционированную с выбранным типом секционирования.
<br>Например, если вы выбрали секционирование по диапазону дат бронирования, создайте секции по месяцам или годам.

<br>Миграция данных:
<br>Перенесите существующие данные из исходной таблицы в секционированную структуру.
<br>Убедитесь, что все данные правильно распределены по секциям.

<br>Оптимизация запросов:
<br>Проверьте, как секционирование влияет на производительность запросов. Выполните несколько выборок данных до и после секционирования для оценки времени выполнения.
<br>Оптимизируйте запросы при необходимости (например, добавьте индексы на ключевые столбцы).

<br>Тестирование решения:
<br>Протестируйте секционирование, выполняя несколько запросов к секционированной таблице.
<br>Проверьте, что операции вставки, обновления и удаления работают корректно.

<br>Документирование:
<br>Добавьте комментарии к коду, поясняющие выбранный тип секционирования и шаги его реализации.
<br>Опишите, как секционирование улучшает производительность запросов и как оно может быть полезно в реальных условиях.

<br>Критерии оценивания:
<br>Корректность секционирования – таблица должна быть разделена логично и эффективно.
<br>Выбор типа секционирования – обоснование выбранного типа (например, секционирование по диапазону дат рейсов или по месту отправления/прибытия).
<br>Работоспособность решения – код должен успешно выполнять секционирование без ошибок.
<br>Оптимизация запросов – после секционирования, запросы к таблице должны быть оптимизированы (например, быстрее выполняться для конкретных диапазонов).
<br>Комментирование – код должен содержать поясняющие комментарии, объясняющие выбор секционирования и основные шаги.

<br>Формат сдачи:
<br>SQL-скрипты с реализованным секционированием.
<br>Краткий отчет с описанием процесса и результатами тестирования.
<br>Пример запросов и результаты до и после секционирования.

# Выполнение
<br>Подключились к ВМ с Postgresql, созданной в VirtualBox и скачали базу данных по полётам за три месяца:
```
wget https://edu.postgrespro.ru/demo-medium.zip
```

<br>Запускаем скаченный SQL-скрипт и тем самым устанавливаем базу demo:
```
psql -f demo-medium-20170815.sql -U postgres -p 5433
```

<br>Проверяем созданные таблицы из базы demo и делаем тестовый запрос к таблице bookings.bookings за 2й квартал:
```
explain analyze  
select *
from bookings.bookings B
where B.book_date between '2017-04-01' and date'2017-07-01'-1
order by book_date
```
<br>План запроса:
```
Sort  (cost=49431.29..50249.75 rows=327383 width=21) (actual time=230.158..293.738 rows=327410 loops=1)
  Sort Key: book_date
  Sort Method: external merge  Disk: 10560kB
  ->  Seq Scan on bookings b  (cost=0.00..12725.49 rows=327383 width=21) (actual time=0.040..104.877 rows=327410 loops=1)
        Filter: ((book_date >= '2017-04-01 00:00:00+05'::timestamp with time zone) AND (book_date <= '2017-06-30'::date))
        Rows Removed by Filter: 266023
Planning Time: 0.198 ms
Execution Time: 311.637 ms
```
<br>![01_без секций](https://github.com/user-attachments/assets/4386346a-bc07-4527-91fb-4b8e387820a3)

<br><b>Решено секционировать таблицу bookings.bookings по-кварталам</b>
<br>Создаём секционированную таблицу bookings.bookings_by_range по полю book_date на каждый квартал с 2017г. по 2018г. (для надёжности) и вставляем в неё данные из таблицы bookings.bookings
<br>![02_создали секции](https://github.com/user-attachments/assets/de63e252-6f2a-4539-b36f-93db43752818)

<br>Производим тестирование секционированной таблицы. Тест 0 - получаем данные за втрой квартал:
```
analyze bookings.bookings_by_range
explain analyze  
select *
from bookings.bookings_by_range B
where B.book_date between '2017-04-01' and date'2017-07-01'-1
order by book_date
```
<br>План:
```
Sort  (cost=51042.84..51861.64 rows=327519 width=21) (actual time=203.556..252.805 rows=327410 loops=1)
  Sort Key: b.book_date
  Sort Method: external merge  Disk: 10560kB
  ->  Append  (cost=0.00..14320.10 rows=327519 width=21) (actual time=0.053..91.502 rows=327410 loops=1)
        Subplans Removed: 6
        ->  Seq Scan on bookings_by_range_2017_2 b_1  (cost=0.00..7111.91 rows=327513 width=21) (actual time=0.053..62.936 rows=327410 loops=1)
              Filter: ((book_date >= '2017-04-01 00:00:00+05'::timestamp with time zone) AND (book_date <= '2017-06-30'::date))
              Rows Removed by Filter: 5384
Planning Time: 0.636 ms
Execution Time: 267.800 ms
```

<br><b>Результаты лучше, но почти сопоставимы. Т.к. первичный ключ и на исходной таблице и на секционированной таблицы одинаковый и пришлось получать все данные из секционированной таблицы bookings_by_range_2017_2</b>
<br>До:
<br>Execution Time: 311.637 ms
<br>После:
<br>Execution Time: 267.800 ms
<br>![03_тест0](https://github.com/user-attachments/assets/cab16365-3bfb-41ba-8414-05504d173f9a)


<br><b>Производим Тест 1. Получаем данные за 10 дней из исходной таблицы:</b>
```
analyze bookings.bookings
explain analyze  
select *
from bookings.bookings B
where B.book_date between '2017-07-01' and '2017-07-10'
order by book_date
```
<br>План:
```
Gather Merge  (cost=10029.68..14897.82 rows=41724 width=21) (actual time=62.819..89.532 rows=49874 loops=1)
  Workers Planned: 2
  Workers Launched: 2
  ->  Sort  (cost=9029.66..9081.81 rows=20862 width=21) (actual time=27.184..29.808 rows=16625 loops=3)
        Sort Key: book_date
        Sort Method: quicksort  Memory: 2199kB
        Worker 0:  Sort Method: quicksort  Memory: 25kB
        Worker 1:  Sort Method: quicksort  Memory: 1675kB
        ->  Parallel Seq Scan on bookings b  (cost=0.00..7532.96 rows=20862 width=21) (actual time=0.010..21.376 rows=16625 loops=3)
              Filter: ((book_date >= '2017-07-01 00:00:00+05'::timestamp with time zone) AND (book_date <= '2017-07-10 00:00:00+05'::timestamp with time zone))
              Rows Removed by Filter: 181186
Planning Time: 0.799 ms
Execution Time: 92.267 ms
```
<br>Такой же запрос, только из секционированной таблицы:
```
analyze bookings.bookings
explain analyze  
select *
from bookings.bookings B
where B.book_date between '2017-07-01' and '2017-07-10'
order by book_date
```
<br>План:
```
Sort  (cost=9450.32..9574.66 rows=49734 width=21) (actual time=36.922..43.162 rows=49874 loops=1)
  Sort Key: b.book_date
  Sort Method: quicksort  Memory: 3874kB
  ->  Seq Scan on bookings_by_range_2017_3 b  (cost=0.00..5570.59 rows=49734 width=21) (actual time=0.011..26.742 rows=49874 loops=1)
        Filter: ((book_date >= '2017-07-01 00:00:00+05'::timestamp with time zone) AND (book_date <= '2017-07-10 00:00:00+05'::timestamp with time zone))
        Rows Removed by Filter: 210765
Planning Time: 0.276 ms
Execution Time: 45.244 ms
```
<br><b>Результаты в два раза лучше.</b>
<br>До:
<br>Execution Time: 92.267 ms
<br>После:
<br>Execution Time: 45.244 ms
<br>![03_тест1](https://github.com/user-attachments/assets/0ff68c13-bf49-44ba-ace7-4bb48b5a8162)



<br><b>Производим Тест 2. Получаем данные за конкретную дату:</b>
```
explain analyze  
select *
from bookings.bookings B
where B.book_date='2017-07-05 05:12:00+05'
order by book_date
```
<br>План:
```
Gather  (cost=1000.00..7915.20 rows=4 width=21) (actual time=0.360..59.099 rows=6 loops=1)
  Workers Planned: 2
  Workers Launched: 2
  ->  Parallel Seq Scan on bookings b  (cost=0.00..6914.80 rows=2 width=21) (actual time=5.002..37.123 rows=2 loops=3)
        Filter: (book_date = '2017-07-05 05:12:00+05'::timestamp with time zone)
        Rows Removed by Filter: 197809
Planning Time: 0.098 ms
Execution Time: 59.148 ms
```
<br>Такой же запрос, только из секционированной таблицы:
```
explain analyze  
select *
from bookings.bookings B
where B.book_date='2017-07-05 05:12:00+05'
order by book_date
```
<br>План:
```
Gather  (cost=1000.00..4577.86 rows=4 width=21) (actual time=0.458..22.971 rows=6 loops=1)
  Workers Planned: 1
  Workers Launched: 1
  ->  Parallel Seq Scan on bookings_by_range_2017_3 b  (cost=0.00..3577.46 rows=2 width=21) (actual time=0.185..13.795 rows=3 loops=2)
        Filter: (book_date = '2017-07-05 05:12:00+05'::timestamp with time zone)
        Rows Removed by Filter: 130316
Planning Time: 0.122 ms
Execution Time: 22.996 ms
```
<br><b>Результаты почти в три раза лучше.</b>
<br>До:
<br>Execution Time: 59.148 ms
<br>После:
<br>Execution Time: 22.996 ms
<br>![03_тест2](https://github.com/user-attachments/assets/3583a9ea-2599-415b-854f-9e87b495cce4)


<br><b>Производим Тест 3. Вставка, обновление и удаление данных:</b>
```
INSERT INTO bookings.bookings_by_range
(book_ref, book_date, total_amount)
VALUES('A59A1O', '2017-07-05 05:05:00.000', 555);

INSERT INTO bookings.bookings_by_range
(book_ref, book_date, total_amount)
VALUES('A59A1B', '2017-07-06 06:06:00.000', 100);

INSERT INTO bookings.bookings_by_range
(book_ref, book_date, total_amount)
VALUES('A59A1A', '2017-07-07 07:07:00.000', 200);

delete from bookings.bookings_by_range where book_ref in ('A59A1O','A59A1B');

update bookings.bookings_by_range set total_amount = 500 where book_ref = 'A59A1A';

select * from bookings.bookings_by_range where book_ref in ('A59A1A');
```
<br><b>Операции выполнены успешно:</b>
<br>![03_тест3](https://github.com/user-attachments/assets/860fd3a3-8a00-47ea-ab9f-9c78e8a36345)


<br><b>Вывод: секционирование таблицы позволило ускорить запросы по ключу секционирования.</b>

